{"/Users/admin/Desktop/helpdesk-next/components/Badge.tsx": {"path":"/Users/admin/Desktop/helpdesk-next/components/Badge.tsx","all":false,"statementMap":{"0":{"start":{"line":1,"column":0},"end":{"line":1,"column":48}},"1":{"start":{"line":2,"column":0},"end":{"line":2,"column":40}},"2":{"start":{"line":3,"column":0},"end":{"line":3,"column":0}},"3":{"start":{"line":4,"column":0},"end":{"line":4,"column":17}},"4":{"start":{"line":5,"column":0},"end":{"line":5,"column":24}},"5":{"start":{"line":6,"column":0},"end":{"line":6,"column":28}},"6":{"start":{"line":7,"column":0},"end":{"line":7,"column":1}},"7":{"start":{"line":8,"column":0},"end":{"line":8,"column":0}},"8":{"start":{"line":9,"column":0},"end":{"line":9,"column":61}},"9":{"start":{"line":10,"column":0},"end":{"line":10,"column":10}},"10":{"start":{"line":11,"column":0},"end":{"line":11,"column":59}},"11":{"start":{"line":12,"column":0},"end":{"line":12,"column":16}},"12":{"start":{"line":13,"column":0},"end":{"line":13,"column":11}},"13":{"start":{"line":14,"column":0},"end":{"line":14,"column":4}},"14":{"start":{"line":15,"column":0},"end":{"line":15,"column":1}}},"s":{"0":1,"1":1,"2":1,"3":1,"4":1,"5":1,"6":1,"7":1,"8":1,"9":8,"10":8,"11":8,"12":8,"13":8,"14":8},"branchMap":{"0":{"type":"branch","line":9,"loc":{"start":{"line":9,"column":15},"end":{"line":15,"column":1}},"locations":[{"start":{"line":9,"column":15},"end":{"line":15,"column":1}}]}},"b":{"0":[8]},"fnMap":{"0":{"name":"Badge","decl":{"start":{"line":9,"column":15},"end":{"line":15,"column":1}},"loc":{"start":{"line":9,"column":15},"end":{"line":15,"column":1}},"line":9}},"f":{"0":8}}
,"/Users/admin/Desktop/helpdesk-next/components/Card.tsx": {"path":"/Users/admin/Desktop/helpdesk-next/components/Card.tsx","all":false,"statementMap":{"0":{"start":{"line":1,"column":0},"end":{"line":1,"column":39}},"1":{"start":{"line":2,"column":0},"end":{"line":2,"column":0}},"2":{"start":{"line":3,"column":0},"end":{"line":3,"column":17}},"3":{"start":{"line":4,"column":0},"end":{"line":4,"column":28}},"4":{"start":{"line":5,"column":0},"end":{"line":5,"column":21}},"5":{"start":{"line":6,"column":0},"end":{"line":6,"column":22}},"6":{"start":{"line":7,"column":0},"end":{"line":7,"column":22}},"7":{"start":{"line":8,"column":0},"end":{"line":8,"column":1}},"8":{"start":{"line":9,"column":0},"end":{"line":9,"column":0}},"9":{"start":{"line":10,"column":0},"end":{"line":10,"column":89}},"10":{"start":{"line":11,"column":0},"end":{"line":11,"column":19}},"11":{"start":{"line":12,"column":0},"end":{"line":12,"column":16}},"12":{"start":{"line":13,"column":0},"end":{"line":13,"column":38}},"13":{"start":{"line":14,"column":0},"end":{"line":14,"column":38}},"14":{"start":{"line":15,"column":0},"end":{"line":15,"column":14}},"15":{"start":{"line":16,"column":0},"end":{"line":16,"column":3}},"16":{"start":{"line":17,"column":0},"end":{"line":17,"column":20}},"17":{"start":{"line":18,"column":0},"end":{"line":18,"column":15}},"18":{"start":{"line":19,"column":0},"end":{"line":19,"column":0}},"19":{"start":{"line":20,"column":0},"end":{"line":20,"column":51}},"20":{"start":{"line":21,"column":0},"end":{"line":21,"column":1}}},"s":{"0":1,"1":1,"2":1,"3":1,"4":1,"5":1,"6":1,"7":1,"8":1,"9":1,"10":6,"11":6,"12":6,"13":6,"14":6,"15":6,"16":6,"17":6,"18":6,"19":6,"20":6},"branchMap":{"0":{"type":"branch","line":10,"loc":{"start":{"line":10,"column":15},"end":{"line":21,"column":1}},"locations":[{"start":{"line":10,"column":15},"end":{"line":21,"column":1}}]},"1":{"type":"branch","line":13,"loc":{"start":{"line":13,"column":4},"end":{"line":13,"column":32}},"locations":[{"start":{"line":13,"column":4},"end":{"line":13,"column":32}}]},"2":{"type":"branch","line":13,"loc":{"start":{"line":13,"column":32},"end":{"line":13,"column":38}},"locations":[{"start":{"line":13,"column":32},"end":{"line":13,"column":38}}]},"3":{"type":"branch","line":14,"loc":{"start":{"line":14,"column":4},"end":{"line":14,"column":32}},"locations":[{"start":{"line":14,"column":4},"end":{"line":14,"column":32}}]},"4":{"type":"branch","line":14,"loc":{"start":{"line":14,"column":32},"end":{"line":14,"column":38}},"locations":[{"start":{"line":14,"column":32},"end":{"line":14,"column":38}}]}},"b":{"0":[6],"1":[1],"2":[5],"3":[1],"4":[5]},"fnMap":{"0":{"name":"Card","decl":{"start":{"line":10,"column":15},"end":{"line":21,"column":1}},"loc":{"start":{"line":10,"column":15},"end":{"line":21,"column":1}},"line":10}},"f":{"0":6}}
,"/Users/admin/Desktop/helpdesk-next/components/ProgressBar.tsx": {"path":"/Users/admin/Desktop/helpdesk-next/components/ProgressBar.tsx","all":false,"statementMap":{"0":{"start":{"line":1,"column":0},"end":{"line":1,"column":48}},"1":{"start":{"line":2,"column":0},"end":{"line":2,"column":46}},"2":{"start":{"line":3,"column":0},"end":{"line":3,"column":0}},"3":{"start":{"line":4,"column":0},"end":{"line":4,"column":81}},"4":{"start":{"line":5,"column":0},"end":{"line":5,"column":10}},"5":{"start":{"line":6,"column":0},"end":{"line":6,"column":33}},"6":{"start":{"line":7,"column":0},"end":{"line":7,"column":37}},"7":{"start":{"line":8,"column":0},"end":{"line":8,"column":53}},"8":{"start":{"line":9,"column":0},"end":{"line":9,"column":59}},"9":{"start":{"line":10,"column":0},"end":{"line":10,"column":12}},"10":{"start":{"line":11,"column":0},"end":{"line":11,"column":36}},"11":{"start":{"line":12,"column":0},"end":{"line":12,"column":12}},"12":{"start":{"line":13,"column":0},"end":{"line":13,"column":33}},"13":{"start":{"line":14,"column":0},"end":{"line":14,"column":18}},"14":{"start":{"line":15,"column":0},"end":{"line":15,"column":36}},"15":{"start":{"line":16,"column":0},"end":{"line":16,"column":52}},"16":{"start":{"line":17,"column":0},"end":{"line":17,"column":12}},"17":{"start":{"line":18,"column":0},"end":{"line":18,"column":10}},"18":{"start":{"line":19,"column":0},"end":{"line":19,"column":12}},"19":{"start":{"line":20,"column":0},"end":{"line":20,"column":10}},"20":{"start":{"line":21,"column":0},"end":{"line":21,"column":4}},"21":{"start":{"line":22,"column":0},"end":{"line":22,"column":1}}},"s":{"0":1,"1":1,"2":1,"3":1,"4":7,"5":7,"6":7,"7":7,"8":7,"9":7,"10":7,"11":7,"12":7,"13":7,"14":7,"15":7,"16":7,"17":7,"18":7,"19":7,"20":7,"21":7},"branchMap":{"0":{"type":"branch","line":4,"loc":{"start":{"line":4,"column":15},"end":{"line":22,"column":1}},"locations":[{"start":{"line":4,"column":15},"end":{"line":22,"column":1}}]},"1":{"type":"branch","line":16,"loc":{"start":{"line":16,"column":16},"end":{"line":16,"column":48}},"locations":[{"start":{"line":16,"column":16},"end":{"line":16,"column":48}}]},"2":{"type":"branch","line":16,"loc":{"start":{"line":16,"column":44},"end":{"line":16,"column":50}},"locations":[{"start":{"line":16,"column":44},"end":{"line":16,"column":50}}]}},"b":{"0":[7],"1":[1],"2":[6]},"fnMap":{"0":{"name":"ProgressBar","decl":{"start":{"line":4,"column":15},"end":{"line":22,"column":1}},"loc":{"start":{"line":4,"column":15},"end":{"line":22,"column":1}},"line":4}},"f":{"0":7}}
,"/Users/admin/Desktop/helpdesk-next/components/StatCard.tsx": {"path":"/Users/admin/Desktop/helpdesk-next/components/StatCard.tsx","all":false,"statementMap":{"0":{"start":{"line":1,"column":0},"end":{"line":1,"column":44}},"1":{"start":{"line":2,"column":0},"end":{"line":2,"column":43}},"2":{"start":{"line":3,"column":0},"end":{"line":3,"column":0}},"3":{"start":{"line":4,"column":0},"end":{"line":4,"column":89}},"4":{"start":{"line":5,"column":0},"end":{"line":5,"column":10}},"5":{"start":{"line":6,"column":0},"end":{"line":6,"column":33}},"6":{"start":{"line":7,"column":0},"end":{"line":7,"column":49}},"7":{"start":{"line":8,"column":0},"end":{"line":8,"column":91}},"8":{"start":{"line":9,"column":0},"end":{"line":9,"column":15}},"9":{"start":{"line":10,"column":0},"end":{"line":10,"column":12}},"10":{"start":{"line":11,"column":0},"end":{"line":11,"column":85}},"11":{"start":{"line":12,"column":0},"end":{"line":12,"column":13}},"12":{"start":{"line":13,"column":0},"end":{"line":13,"column":12}},"13":{"start":{"line":14,"column":0},"end":{"line":14,"column":10}},"14":{"start":{"line":15,"column":0},"end":{"line":15,"column":4}},"15":{"start":{"line":16,"column":0},"end":{"line":16,"column":1}}},"s":{"0":1,"1":1,"2":1,"3":1,"4":7,"5":7,"6":7,"7":7,"8":7,"9":7,"10":7,"11":7,"12":7,"13":7,"14":7,"15":7},"branchMap":{"0":{"type":"branch","line":4,"loc":{"start":{"line":4,"column":15},"end":{"line":16,"column":1}},"locations":[{"start":{"line":4,"column":15},"end":{"line":16,"column":1}}]},"1":{"type":"branch","line":8,"loc":{"start":{"line":8,"column":43},"end":{"line":8,"column":80}},"locations":[{"start":{"line":8,"column":43},"end":{"line":8,"column":80}}]},"2":{"type":"branch","line":8,"loc":{"start":{"line":8,"column":76},"end":{"line":8,"column":91}},"locations":[{"start":{"line":8,"column":76},"end":{"line":8,"column":91}}]},"3":{"type":"branch","line":11,"loc":{"start":{"line":11,"column":41},"end":{"line":11,"column":74}},"locations":[{"start":{"line":11,"column":41},"end":{"line":11,"column":74}}]},"4":{"type":"branch","line":11,"loc":{"start":{"line":11,"column":70},"end":{"line":11,"column":85}},"locations":[{"start":{"line":11,"column":70},"end":{"line":11,"column":85}}]}},"b":{"0":[7],"1":[1],"2":[6],"3":[1],"4":[6]},"fnMap":{"0":{"name":"StatCard","decl":{"start":{"line":4,"column":15},"end":{"line":16,"column":1}},"loc":{"start":{"line":4,"column":15},"end":{"line":16,"column":1}},"line":4}},"f":{"0":7}}
,"/Users/admin/Desktop/helpdesk-next/lib/api.ts": {"path":"/Users/admin/Desktop/helpdesk-next/lib/api.ts","all":false,"statementMap":{"0":{"start":{"line":1,"column":0},"end":{"line":1,"column":72}},"1":{"start":{"line":2,"column":0},"end":{"line":2,"column":0}},"2":{"start":{"line":3,"column":0},"end":{"line":3,"column":73}},"3":{"start":{"line":4,"column":0},"end":{"line":4,"column":85}},"4":{"start":{"line":5,"column":0},"end":{"line":5,"column":45}},"5":{"start":{"line":6,"column":0},"end":{"line":6,"column":12}},"6":{"start":{"line":7,"column":0},"end":{"line":7,"column":14}},"7":{"start":{"line":8,"column":0},"end":{"line":8,"column":41}},"8":{"start":{"line":9,"column":0},"end":{"line":9,"column":61}},"9":{"start":{"line":10,"column":0},"end":{"line":10,"column":31}},"10":{"start":{"line":11,"column":0},"end":{"line":11,"column":6}},"11":{"start":{"line":12,"column":0},"end":{"line":12,"column":5}},"12":{"start":{"line":13,"column":0},"end":{"line":13,"column":16}},"13":{"start":{"line":14,"column":0},"end":{"line":14,"column":75}},"14":{"start":{"line":15,"column":0},"end":{"line":15,"column":52}},"15":{"start":{"line":16,"column":0},"end":{"line":16,"column":3}},"16":{"start":{"line":17,"column":0},"end":{"line":17,"column":20}},"17":{"start":{"line":18,"column":0},"end":{"line":18,"column":1}},"18":{"start":{"line":19,"column":0},"end":{"line":19,"column":0}},"19":{"start":{"line":20,"column":0},"end":{"line":20,"column":31}},"20":{"start":{"line":21,"column":0},"end":{"line":21,"column":16}},"21":{"start":{"line":22,"column":0},"end":{"line":22,"column":22}},"22":{"start":{"line":23,"column":0},"end":{"line":23,"column":71}},"23":{"start":{"line":24,"column":0},"end":{"line":24,"column":47}},"24":{"start":{"line":25,"column":0},"end":{"line":25,"column":1}},"25":{"start":{"line":26,"column":0},"end":{"line":26,"column":0}},"26":{"start":{"line":27,"column":0},"end":{"line":27,"column":28}},"27":{"start":{"line":28,"column":0},"end":{"line":28,"column":13}},"28":{"start":{"line":29,"column":0},"end":{"line":29,"column":16}},"29":{"start":{"line":30,"column":0},"end":{"line":30,"column":22}},"30":{"start":{"line":31,"column":0},"end":{"line":31,"column":23}},"31":{"start":{"line":32,"column":0},"end":{"line":32,"column":26}},"32":{"start":{"line":33,"column":0},"end":{"line":33,"column":17}},"33":{"start":{"line":34,"column":0},"end":{"line":34,"column":19}},"34":{"start":{"line":35,"column":0},"end":{"line":35,"column":31}},"35":{"start":{"line":36,"column":0},"end":{"line":36,"column":23}},"36":{"start":{"line":37,"column":0},"end":{"line":37,"column":29}},"37":{"start":{"line":38,"column":0},"end":{"line":38,"column":29}},"38":{"start":{"line":39,"column":0},"end":{"line":39,"column":28}},"39":{"start":{"line":40,"column":0},"end":{"line":40,"column":35}},"40":{"start":{"line":41,"column":0},"end":{"line":41,"column":21}},"41":{"start":{"line":42,"column":0},"end":{"line":42,"column":21}},"42":{"start":{"line":43,"column":0},"end":{"line":43,"column":22}},"43":{"start":{"line":44,"column":0},"end":{"line":44,"column":31}},"44":{"start":{"line":45,"column":0},"end":{"line":45,"column":1}},"45":{"start":{"line":46,"column":0},"end":{"line":46,"column":0}},"46":{"start":{"line":47,"column":0},"end":{"line":47,"column":32}},"47":{"start":{"line":48,"column":0},"end":{"line":48,"column":13}},"48":{"start":{"line":49,"column":0},"end":{"line":49,"column":19}},"49":{"start":{"line":50,"column":0},"end":{"line":50,"column":23}},"50":{"start":{"line":51,"column":0},"end":{"line":51,"column":15}},"51":{"start":{"line":52,"column":0},"end":{"line":52,"column":14}},"52":{"start":{"line":53,"column":0},"end":{"line":53,"column":1}},"53":{"start":{"line":54,"column":0},"end":{"line":54,"column":0}},"54":{"start":{"line":55,"column":0},"end":{"line":55,"column":33}},"55":{"start":{"line":56,"column":0},"end":{"line":56,"column":13}},"56":{"start":{"line":57,"column":0},"end":{"line":57,"column":16}},"57":{"start":{"line":58,"column":0},"end":{"line":58,"column":26}},"58":{"start":{"line":59,"column":0},"end":{"line":59,"column":17}},"59":{"start":{"line":60,"column":0},"end":{"line":60,"column":19}},"60":{"start":{"line":61,"column":0},"end":{"line":61,"column":23}},"61":{"start":{"line":62,"column":0},"end":{"line":62,"column":31}},"62":{"start":{"line":63,"column":0},"end":{"line":63,"column":21}},"63":{"start":{"line":64,"column":0},"end":{"line":64,"column":1}},"64":{"start":{"line":65,"column":0},"end":{"line":65,"column":0}},"65":{"start":{"line":66,"column":0},"end":{"line":66,"column":27}},"66":{"start":{"line":67,"column":0},"end":{"line":67,"column":13}},"67":{"start":{"line":68,"column":0},"end":{"line":68,"column":18}},"68":{"start":{"line":69,"column":0},"end":{"line":69,"column":23}},"69":{"start":{"line":70,"column":0},"end":{"line":70,"column":29}},"70":{"start":{"line":71,"column":0},"end":{"line":71,"column":21}},"71":{"start":{"line":72,"column":0},"end":{"line":72,"column":1}},"72":{"start":{"line":73,"column":0},"end":{"line":73,"column":0}},"73":{"start":{"line":74,"column":0},"end":{"line":74,"column":36}},"74":{"start":{"line":75,"column":0},"end":{"line":75,"column":99}},"75":{"start":{"line":76,"column":0},"end":{"line":76,"column":70}},"76":{"start":{"line":77,"column":0},"end":{"line":77,"column":22}},"77":{"start":{"line":78,"column":0},"end":{"line":78,"column":22}},"78":{"start":{"line":79,"column":0},"end":{"line":79,"column":129}},"79":{"start":{"line":80,"column":0},"end":{"line":80,"column":1}},"80":{"start":{"line":81,"column":0},"end":{"line":81,"column":0}},"81":{"start":{"line":82,"column":0},"end":{"line":82,"column":65}},"82":{"start":{"line":83,"column":0},"end":{"line":83,"column":97}},"83":{"start":{"line":84,"column":0},"end":{"line":84,"column":75}},"84":{"start":{"line":85,"column":0},"end":{"line":85,"column":82}},"85":{"start":{"line":86,"column":0},"end":{"line":86,"column":0}},"86":{"start":{"line":87,"column":0},"end":{"line":87,"column":7}},"87":{"start":{"line":88,"column":0},"end":{"line":88,"column":47}},"88":{"start":{"line":89,"column":0},"end":{"line":89,"column":92}},"89":{"start":{"line":90,"column":0},"end":{"line":90,"column":0}},"90":{"start":{"line":91,"column":0},"end":{"line":91,"column":53}},"91":{"start":{"line":92,"column":0},"end":{"line":92,"column":89}},"92":{"start":{"line":93,"column":0},"end":{"line":93,"column":0}},"93":{"start":{"line":94,"column":0},"end":{"line":94,"column":60}},"94":{"start":{"line":95,"column":0},"end":{"line":95,"column":0}},"95":{"start":{"line":96,"column":0},"end":{"line":96,"column":10}},"96":{"start":{"line":97,"column":0},"end":{"line":97,"column":54}},"97":{"start":{"line":98,"column":0},"end":{"line":98,"column":85}},"98":{"start":{"line":99,"column":0},"end":{"line":99,"column":0}},"99":{"start":{"line":100,"column":0},"end":{"line":100,"column":33}},"100":{"start":{"line":101,"column":0},"end":{"line":101,"column":26}},"101":{"start":{"line":102,"column":0},"end":{"line":102,"column":16}},"102":{"start":{"line":103,"column":0},"end":{"line":103,"column":15}},"103":{"start":{"line":104,"column":0},"end":{"line":104,"column":16}},"104":{"start":{"line":105,"column":0},"end":{"line":105,"column":1}},"105":{"start":{"line":106,"column":0},"end":{"line":106,"column":0}},"106":{"start":{"line":107,"column":0},"end":{"line":107,"column":113}},"107":{"start":{"line":108,"column":0},"end":{"line":108,"column":46}},"108":{"start":{"line":109,"column":0},"end":{"line":109,"column":54}},"109":{"start":{"line":110,"column":0},"end":{"line":110,"column":54}},"110":{"start":{"line":111,"column":0},"end":{"line":111,"column":56}},"111":{"start":{"line":112,"column":0},"end":{"line":112,"column":59}},"112":{"start":{"line":113,"column":0},"end":{"line":113,"column":54}},"113":{"start":{"line":114,"column":0},"end":{"line":114,"column":70}},"114":{"start":{"line":115,"column":0},"end":{"line":115,"column":2}},"115":{"start":{"line":116,"column":0},"end":{"line":116,"column":0}},"116":{"start":{"line":117,"column":0},"end":{"line":117,"column":85}},"117":{"start":{"line":118,"column":0},"end":{"line":118,"column":0}},"118":{"start":{"line":119,"column":0},"end":{"line":119,"column":62}},"119":{"start":{"line":120,"column":0},"end":{"line":120,"column":105}},"120":{"start":{"line":121,"column":0},"end":{"line":121,"column":0}},"121":{"start":{"line":122,"column":0},"end":{"line":122,"column":56}},"122":{"start":{"line":123,"column":0},"end":{"line":123,"column":103}},"123":{"start":{"line":124,"column":0},"end":{"line":124,"column":0}},"124":{"start":{"line":125,"column":0},"end":{"line":125,"column":67}},"125":{"start":{"line":126,"column":0},"end":{"line":126,"column":110}},"126":{"start":{"line":127,"column":0},"end":{"line":127,"column":0}},"127":{"start":{"line":128,"column":0},"end":{"line":128,"column":138}},"128":{"start":{"line":129,"column":0},"end":{"line":129,"column":0}},"129":{"start":{"line":130,"column":0},"end":{"line":130,"column":33}},"130":{"start":{"line":131,"column":0},"end":{"line":131,"column":66}},"131":{"start":{"line":132,"column":0},"end":{"line":132,"column":41}},"132":{"start":{"line":133,"column":0},"end":{"line":133,"column":1}},"133":{"start":{"line":134,"column":0},"end":{"line":134,"column":0}},"134":{"start":{"line":135,"column":0},"end":{"line":135,"column":77}},"135":{"start":{"line":136,"column":0},"end":{"line":136,"column":46}},"136":{"start":{"line":137,"column":0},"end":{"line":137,"column":56}},"137":{"start":{"line":138,"column":0},"end":{"line":138,"column":59}},"138":{"start":{"line":139,"column":0},"end":{"line":139,"column":54}},"139":{"start":{"line":140,"column":0},"end":{"line":140,"column":83}},"140":{"start":{"line":141,"column":0},"end":{"line":141,"column":2}},"141":{"start":{"line":142,"column":0},"end":{"line":142,"column":0}},"142":{"start":{"line":143,"column":0},"end":{"line":143,"column":12}},"143":{"start":{"line":144,"column":0},"end":{"line":144,"column":79}}},"s":{"0":1,"1":1,"2":19,"3":19,"4":19,"5":19,"6":19,"7":19,"8":19,"9":19,"10":19,"11":19,"12":19,"13":1,"14":1,"15":1,"16":18,"17":18,"18":1,"19":1,"20":1,"21":1,"22":1,"23":1,"24":1,"25":1,"26":1,"27":1,"28":1,"29":1,"30":1,"31":1,"32":1,"33":1,"34":1,"35":1,"36":1,"37":1,"38":1,"39":1,"40":1,"41":1,"42":1,"43":1,"44":1,"45":1,"46":1,"47":1,"48":1,"49":1,"50":1,"51":1,"52":1,"53":1,"54":1,"55":1,"56":1,"57":1,"58":1,"59":1,"60":1,"61":1,"62":1,"63":1,"64":1,"65":1,"66":1,"67":1,"68":1,"69":1,"70":1,"71":1,"72":1,"73":1,"74":1,"75":1,"76":1,"77":1,"78":1,"79":1,"80":1,"81":1,"82":1,"83":1,"84":1,"85":1,"86":1,"87":1,"88":1,"89":1,"90":1,"91":1,"92":1,"93":1,"94":1,"95":1,"96":1,"97":1,"98":1,"99":1,"100":1,"101":1,"102":1,"103":1,"104":1,"105":1,"106":1,"107":4,"108":4,"109":4,"110":4,"111":4,"112":4,"113":4,"114":4,"115":1,"116":1,"117":1,"118":1,"119":1,"120":1,"121":1,"122":1,"123":1,"124":1,"125":1,"126":1,"127":1,"128":1,"129":1,"130":1,"131":1,"132":1,"133":1,"134":1,"135":2,"136":2,"137":2,"138":2,"139":2,"140":2,"141":1,"142":1,"143":1},"branchMap":{"0":{"type":"branch","line":3,"loc":{"start":{"line":3,"column":0},"end":{"line":18,"column":1}},"locations":[{"start":{"line":3,"column":0},"end":{"line":18,"column":1}}]},"1":{"type":"branch","line":4,"loc":{"start":{"line":4,"column":69},"end":{"line":4,"column":85}},"locations":[{"start":{"line":4,"column":69},"end":{"line":4,"column":85}}]},"2":{"type":"branch","line":9,"loc":{"start":{"line":9,"column":10},"end":{"line":9,"column":57}},"locations":[{"start":{"line":9,"column":10},"end":{"line":9,"column":57}}]},"3":{"type":"branch","line":9,"loc":{"start":{"line":9,"column":53},"end":{"line":9,"column":59}},"locations":[{"start":{"line":9,"column":53},"end":{"line":9,"column":59}}]},"4":{"type":"branch","line":10,"loc":{"start":{"line":10,"column":10},"end":{"line":10,"column":27}},"locations":[{"start":{"line":10,"column":10},"end":{"line":10,"column":27}}]},"5":{"type":"branch","line":13,"loc":{"start":{"line":13,"column":15},"end":{"line":16,"column":3}},"locations":[{"start":{"line":13,"column":15},"end":{"line":16,"column":3}}]},"6":{"type":"branch","line":15,"loc":{"start":{"line":15,"column":30},"end":{"line":15,"column":52}},"locations":[{"start":{"line":15,"column":30},"end":{"line":15,"column":52}}]},"7":{"type":"branch","line":16,"loc":{"start":{"line":16,"column":2},"end":{"line":18,"column":1}},"locations":[{"start":{"line":16,"column":2},"end":{"line":18,"column":1}}]},"8":{"type":"branch","line":88,"loc":{"start":{"line":88,"column":24},"end":{"line":89,"column":92}},"locations":[{"start":{"line":88,"column":24},"end":{"line":89,"column":92}}]},"9":{"type":"branch","line":91,"loc":{"start":{"line":91,"column":27},"end":{"line":92,"column":89}},"locations":[{"start":{"line":91,"column":27},"end":{"line":92,"column":89}}]},"10":{"type":"branch","line":94,"loc":{"start":{"line":94,"column":21},"end":{"line":94,"column":60}},"locations":[{"start":{"line":94,"column":21},"end":{"line":94,"column":60}}]},"11":{"type":"branch","line":97,"loc":{"start":{"line":97,"column":31},"end":{"line":98,"column":85}},"locations":[{"start":{"line":97,"column":31},"end":{"line":98,"column":85}}]},"12":{"type":"branch","line":107,"loc":{"start":{"line":107,"column":30},"end":{"line":115,"column":2}},"locations":[{"start":{"line":107,"column":30},"end":{"line":115,"column":2}}]},"13":{"type":"branch","line":109,"loc":{"start":{"line":109,"column":6},"end":{"line":109,"column":22}},"locations":[{"start":{"line":109,"column":6},"end":{"line":109,"column":22}}]},"14":{"type":"branch","line":109,"loc":{"start":{"line":109,"column":22},"end":{"line":109,"column":54}},"locations":[{"start":{"line":109,"column":22},"end":{"line":109,"column":54}}]},"15":{"type":"branch","line":110,"loc":{"start":{"line":110,"column":6},"end":{"line":110,"column":22}},"locations":[{"start":{"line":110,"column":6},"end":{"line":110,"column":22}}]},"16":{"type":"branch","line":110,"loc":{"start":{"line":110,"column":22},"end":{"line":110,"column":54}},"locations":[{"start":{"line":110,"column":22},"end":{"line":110,"column":54}}]},"17":{"type":"branch","line":111,"loc":{"start":{"line":111,"column":6},"end":{"line":111,"column":20}},"locations":[{"start":{"line":111,"column":6},"end":{"line":111,"column":20}}]},"18":{"type":"branch","line":111,"loc":{"start":{"line":111,"column":20},"end":{"line":111,"column":56}},"locations":[{"start":{"line":111,"column":20},"end":{"line":111,"column":56}}]},"19":{"type":"branch","line":112,"loc":{"start":{"line":112,"column":6},"end":{"line":112,"column":21}},"locations":[{"start":{"line":112,"column":6},"end":{"line":112,"column":21}}]},"20":{"type":"branch","line":112,"loc":{"start":{"line":112,"column":21},"end":{"line":112,"column":59}},"locations":[{"start":{"line":112,"column":21},"end":{"line":112,"column":59}}]},"21":{"type":"branch","line":114,"loc":{"start":{"line":114,"column":48},"end":{"line":114,"column":61}},"locations":[{"start":{"line":114,"column":48},"end":{"line":114,"column":61}}]},"22":{"type":"branch","line":114,"loc":{"start":{"line":114,"column":61},"end":{"line":114,"column":68}},"locations":[{"start":{"line":114,"column":61},"end":{"line":114,"column":68}}]},"23":{"type":"branch","line":117,"loc":{"start":{"line":117,"column":28},"end":{"line":117,"column":85}},"locations":[{"start":{"line":117,"column":28},"end":{"line":117,"column":85}}]},"24":{"type":"branch","line":119,"loc":{"start":{"line":119,"column":31},"end":{"line":120,"column":105}},"locations":[{"start":{"line":119,"column":31},"end":{"line":120,"column":105}}]},"25":{"type":"branch","line":122,"loc":{"start":{"line":122,"column":24},"end":{"line":123,"column":103}},"locations":[{"start":{"line":122,"column":24},"end":{"line":123,"column":103}}]},"26":{"type":"branch","line":125,"loc":{"start":{"line":125,"column":31},"end":{"line":126,"column":110}},"locations":[{"start":{"line":125,"column":31},"end":{"line":126,"column":110}}]},"27":{"type":"branch","line":128,"loc":{"start":{"line":128,"column":32},"end":{"line":128,"column":138}},"locations":[{"start":{"line":128,"column":32},"end":{"line":128,"column":138}}]},"28":{"type":"branch","line":135,"loc":{"start":{"line":135,"column":28},"end":{"line":141,"column":2}},"locations":[{"start":{"line":135,"column":28},"end":{"line":141,"column":2}}]},"29":{"type":"branch","line":137,"loc":{"start":{"line":137,"column":6},"end":{"line":137,"column":20}},"locations":[{"start":{"line":137,"column":6},"end":{"line":137,"column":20}}]},"30":{"type":"branch","line":137,"loc":{"start":{"line":137,"column":20},"end":{"line":137,"column":56}},"locations":[{"start":{"line":137,"column":20},"end":{"line":137,"column":56}}]},"31":{"type":"branch","line":138,"loc":{"start":{"line":138,"column":6},"end":{"line":138,"column":21}},"locations":[{"start":{"line":138,"column":6},"end":{"line":138,"column":21}}]},"32":{"type":"branch","line":138,"loc":{"start":{"line":138,"column":21},"end":{"line":138,"column":59}},"locations":[{"start":{"line":138,"column":21},"end":{"line":138,"column":59}}]},"33":{"type":"branch","line":140,"loc":{"start":{"line":140,"column":61},"end":{"line":140,"column":74}},"locations":[{"start":{"line":140,"column":61},"end":{"line":140,"column":74}}]},"34":{"type":"branch","line":140,"loc":{"start":{"line":140,"column":74},"end":{"line":140,"column":81}},"locations":[{"start":{"line":140,"column":74},"end":{"line":140,"column":81}}]},"35":{"type":"branch","line":144,"loc":{"start":{"line":144,"column":28},"end":{"line":144,"column":79}},"locations":[{"start":{"line":144,"column":28},"end":{"line":144,"column":79}}]}},"b":{"0":[19],"1":[0],"2":[1],"3":[18],"4":[6],"5":[1],"6":[0],"7":[18],"8":[1],"9":[1],"10":[4],"11":[1],"12":[4],"13":[3],"14":[1],"15":[3],"16":[1],"17":[3],"18":[1],"19":[3],"20":[1],"21":[3],"22":[1],"23":[1],"24":[1],"25":[1],"26":[1],"27":[1],"28":[2],"29":[1],"30":[1],"31":[1],"32":[0],"33":[1],"34":[1],"35":[1]},"fnMap":{"0":{"name":"request","decl":{"start":{"line":3,"column":0},"end":{"line":18,"column":1}},"loc":{"start":{"line":3,"column":0},"end":{"line":18,"column":1}},"line":3},"1":{"name":"apiLogin","decl":{"start":{"line":88,"column":24},"end":{"line":89,"column":92}},"loc":{"start":{"line":88,"column":24},"end":{"line":89,"column":92}},"line":88},"2":{"name":"apiRegister","decl":{"start":{"line":91,"column":27},"end":{"line":92,"column":89}},"loc":{"start":{"line":91,"column":27},"end":{"line":92,"column":89}},"line":91},"3":{"name":"apiMe","decl":{"start":{"line":94,"column":21},"end":{"line":94,"column":60}},"loc":{"start":{"line":94,"column":21},"end":{"line":94,"column":60}},"line":94},"4":{"name":"apiCreateTicket","decl":{"start":{"line":97,"column":31},"end":{"line":98,"column":85}},"loc":{"start":{"line":97,"column":31},"end":{"line":98,"column":85}},"line":97},"5":{"name":"apiListTickets","decl":{"start":{"line":107,"column":30},"end":{"line":115,"column":2}},"loc":{"start":{"line":107,"column":30},"end":{"line":115,"column":2}},"line":107},"6":{"name":"apiGetTicket","decl":{"start":{"line":117,"column":28},"end":{"line":117,"column":85}},"loc":{"start":{"line":117,"column":28},"end":{"line":117,"column":85}},"line":117},"7":{"name":"apiUpdateStatus","decl":{"start":{"line":119,"column":31},"end":{"line":120,"column":105}},"loc":{"start":{"line":119,"column":31},"end":{"line":120,"column":105}},"line":119},"8":{"name":"apiReply","decl":{"start":{"line":122,"column":24},"end":{"line":123,"column":103}},"loc":{"start":{"line":122,"column":24},"end":{"line":123,"column":103}},"line":122},"9":{"name":"apiAssignTicket","decl":{"start":{"line":125,"column":31},"end":{"line":126,"column":110}},"loc":{"start":{"line":125,"column":31},"end":{"line":126,"column":110}},"line":125},"10":{"name":"apiListOperators","decl":{"start":{"line":128,"column":32},"end":{"line":128,"column":138}},"loc":{"start":{"line":128,"column":32},"end":{"line":128,"column":138}},"line":128},"11":{"name":"apiMyTickets","decl":{"start":{"line":135,"column":28},"end":{"line":141,"column":2}},"loc":{"start":{"line":135,"column":28},"end":{"line":141,"column":2}},"line":135},"12":{"name":"apiDashboard","decl":{"start":{"line":144,"column":28},"end":{"line":144,"column":79}},"loc":{"start":{"line":144,"column":28},"end":{"line":144,"column":79}},"line":144}},"f":{"0":19,"1":1,"2":1,"3":4,"4":1,"5":4,"6":1,"7":1,"8":1,"9":1,"10":1,"11":2,"12":1}}
}
