TN:
SF:components/Badge.tsx
FN:9,Badge
FNF:1
FNH:1
FNDA:8,Badge
DA:1,1
DA:2,1
DA:3,1
DA:4,1
DA:5,1
DA:6,1
DA:7,1
DA:8,1
DA:9,1
DA:10,8
DA:11,8
DA:12,8
DA:13,8
DA:14,8
DA:15,8
LF:15
LH:15
BRDA:9,0,0,8
BRF:1
BRH:1
end_of_record
TN:
SF:components/Card.tsx
FN:10,Card
FNF:1
FNH:1
FNDA:6,Card
DA:1,1
DA:2,1
DA:3,1
DA:4,1
DA:5,1
DA:6,1
DA:7,1
DA:8,1
DA:9,1
DA:10,1
DA:11,6
DA:12,6
DA:13,6
DA:14,6
DA:15,6
DA:16,6
DA:17,6
DA:18,6
DA:19,6
DA:20,6
DA:21,6
LF:21
LH:21
BRDA:10,0,0,6
BRDA:13,1,0,1
BRDA:13,2,0,5
BRDA:14,3,0,1
BRDA:14,4,0,5
BRF:5
BRH:5
end_of_record
TN:
SF:components/ProgressBar.tsx
FN:4,ProgressBar
FNF:1
FNH:1
FNDA:7,ProgressBar
DA:1,1
DA:2,1
DA:3,1
DA:4,1
DA:5,7
DA:6,7
DA:7,7
DA:8,7
DA:9,7
DA:10,7
DA:11,7
DA:12,7
DA:13,7
DA:14,7
DA:15,7
DA:16,7
DA:17,7
DA:18,7
DA:19,7
DA:20,7
DA:21,7
DA:22,7
LF:22
LH:22
BRDA:4,0,0,7
BRDA:16,1,0,1
BRDA:16,2,0,6
BRF:3
BRH:3
end_of_record
TN:
SF:components/StatCard.tsx
FN:4,StatCard
FNF:1
FNH:1
FNDA:7,StatCard
DA:1,1
DA:2,1
DA:3,1
DA:4,1
DA:5,7
DA:6,7
DA:7,7
DA:8,7
DA:9,7
DA:10,7
DA:11,7
DA:12,7
DA:13,7
DA:14,7
DA:15,7
DA:16,7
LF:16
LH:16
BRDA:4,0,0,7
BRDA:8,1,0,1
BRDA:8,2,0,6
BRDA:11,3,0,1
BRDA:11,4,0,6
BRF:5
BRH:5
end_of_record
TN:
SF:lib/api.ts
FN:3,request
FN:88,apiLogin
FN:91,apiRegister
FN:94,apiMe
FN:97,apiCreateTicket
FN:107,apiListTickets
FN:117,apiGetTicket
FN:119,apiUpdateStatus
FN:122,apiReply
FN:125,apiAssignTicket
FN:128,apiListOperators
FN:135,apiMyTickets
FN:144,apiDashboard
FNF:13
FNH:13
FNDA:19,request
FNDA:1,apiLogin
FNDA:1,apiRegister
FNDA:4,apiMe
FNDA:1,apiCreateTicket
FNDA:4,apiListTickets
FNDA:1,apiGetTicket
FNDA:1,apiUpdateStatus
FNDA:1,apiReply
FNDA:1,apiAssignTicket
FNDA:1,apiListOperators
FNDA:2,apiMyTickets
FNDA:1,apiDashboard
DA:1,1
DA:2,1
DA:3,19
DA:4,19
DA:5,19
DA:6,19
DA:7,19
DA:8,19
DA:9,19
DA:10,19
DA:11,19
DA:12,19
DA:13,19
DA:14,1
DA:15,1
DA:16,1
DA:17,18
DA:18,18
DA:19,1
DA:20,1
DA:21,1
DA:22,1
DA:23,1
DA:24,1
DA:25,1
DA:26,1
DA:27,1
DA:28,1
DA:29,1
DA:30,1
DA:31,1
DA:32,1
DA:33,1
DA:34,1
DA:35,1
DA:36,1
DA:37,1
DA:38,1
DA:39,1
DA:40,1
DA:41,1
DA:42,1
DA:43,1
DA:44,1
DA:45,1
DA:46,1
DA:47,1
DA:48,1
DA:49,1
DA:50,1
DA:51,1
DA:52,1
DA:53,1
DA:54,1
DA:55,1
DA:56,1
DA:57,1
DA:58,1
DA:59,1
DA:60,1
DA:61,1
DA:62,1
DA:63,1
DA:64,1
DA:65,1
DA:66,1
DA:67,1
DA:68,1
DA:69,1
DA:70,1
DA:71,1
DA:72,1
DA:73,1
DA:74,1
DA:75,1
DA:76,1
DA:77,1
DA:78,1
DA:79,1
DA:80,1
DA:81,1
DA:82,1
DA:83,1
DA:84,1
DA:85,1
DA:86,1
DA:87,1
DA:88,1
DA:89,1
DA:90,1
DA:91,1
DA:92,1
DA:93,1
DA:94,1
DA:95,1
DA:96,1
DA:97,1
DA:98,1
DA:99,1
DA:100,1
DA:101,1
DA:102,1
DA:103,1
DA:104,1
DA:105,1
DA:106,1
DA:107,1
DA:108,4
DA:109,4
DA:110,4
DA:111,4
DA:112,4
DA:113,4
DA:114,4
DA:115,4
DA:116,1
DA:117,1
DA:118,1
DA:119,1
DA:120,1
DA:121,1
DA:122,1
DA:123,1
DA:124,1
DA:125,1
DA:126,1
DA:127,1
DA:128,1
DA:129,1
DA:130,1
DA:131,1
DA:132,1
DA:133,1
DA:134,1
DA:135,1
DA:136,2
DA:137,2
DA:138,2
DA:139,2
DA:140,2
DA:141,2
DA:142,1
DA:143,1
DA:144,1
LF:144
LH:144
BRDA:3,0,0,19
BRDA:4,1,0,0
BRDA:9,2,0,1
BRDA:9,3,0,18
BRDA:10,4,0,6
BRDA:13,5,0,1
BRDA:15,6,0,0
BRDA:16,7,0,18
BRDA:88,8,0,1
BRDA:91,9,0,1
BRDA:94,10,0,4
BRDA:97,11,0,1
BRDA:107,12,0,4
BRDA:109,13,0,3
BRDA:109,14,0,1
BRDA:110,15,0,3
BRDA:110,16,0,1
BRDA:111,17,0,3
BRDA:111,18,0,1
BRDA:112,19,0,3
BRDA:112,20,0,1
BRDA:114,21,0,3
BRDA:114,22,0,1
BRDA:117,23,0,1
BRDA:119,24,0,1
BRDA:122,25,0,1
BRDA:125,26,0,1
BRDA:128,27,0,1
BRDA:135,28,0,2
BRDA:137,29,0,1
BRDA:137,30,0,1
BRDA:138,31,0,1
BRDA:138,32,0,0
BRDA:140,33,0,1
BRDA:140,34,0,1
BRDA:144,35,0,1
BRF:36
BRH:33
end_of_record
